  Source.cpp
C:\Users\jorme\source\repos\TAIS24\TAIS24\Source.cpp(224,20): warning C4018: '<': no coinciden signed/unsigned
C:\Users\jorme\source\repos\TAIS24\TAIS24\Source.cpp(88,22): warning C4018: '<': no coinciden signed/unsigned
C:\Users\jorme\source\repos\TAIS24\TAIS24\Source.cpp(86): message : al compilar la función del miembro clase plantilla "PriorityQueue<Arista<Valor>,std::less<T>>::PriorityQueue(const std::vector<Arista<Valor>,std::allocator<Arista<Valor>>> &,Comparator)"
          with
          [
              Valor=int,
              T=Arista<int>,
              Comparator=std::less<Arista<int>>
          ]
C:\Users\jorme\source\repos\TAIS24\TAIS24\Source.cpp(204): message : Vea la referencia a la creación de una instancia de la función plantilla "PriorityQueue<Arista<Valor>,std::less<T>>::PriorityQueue(const std::vector<Arista<Valor>,std::allocator<Arista<Valor>>> &,Comparator)" que se está compilando
          with
          [
              Valor=int,
              T=Arista<int>,
              Comparator=std::less<Arista<int>>
          ]
C:\Users\jorme\source\repos\TAIS24\TAIS24\Source.cpp(204): message : Vea la referencia a la creación de una instancia de clase plantilla "PriorityQueue<Arista<Valor>,std::less<T>>" que se está compilando
          with
          [
              Valor=int,
              T=Arista<int>
          ]
C:\Users\jorme\source\repos\TAIS24\TAIS24\Source.cpp(203): message : al compilar la función del miembro clase plantilla "ARM_Kruskal<int>::ARM_Kruskal(const GrafoValorado<int> &)"
C:\Users\jorme\source\repos\TAIS24\TAIS24\Source.cpp(249): message : Vea la referencia a la creación de una instancia de la función plantilla "ARM_Kruskal<int>::ARM_Kruskal(const GrafoValorado<int> &)" que se está compilando
C:\Users\jorme\source\repos\TAIS24\TAIS24\Source.cpp(249): message : Vea la referencia a la creación de una instancia de clase plantilla "ARM_Kruskal<int>" que se está compilando
  TAIS24.vcxproj -> C:\Users\jorme\source\repos\TAIS24\Debug\TAIS24.exe
